<?xml version="1.0" encoding="UTF-8"?>
<!-- Generated by org.testng.reporters.JUnitXMLReporter -->
<testsuite ignored="0" hostname="qa-243-ubuntu-lt" failures="0" tests="3" name="Default test" time="0.073" errors="0" timestamp="2025-06-15T14:54:54 IST">
  <testcase classname="streams.NamesFilter" name="regular" time="0.012"/>
  <testcase classname="streams.NamesFilter" name="streamFilter" time="0.004"/>
  <testcase classname="streams.NamesFilter" name="streamMap" time="0.005"/>
</testsuite> <!-- Default test -->
