<?xml version="1.0" encoding="UTF-8"?>
<!-- Generated by org.testng.reporters.JUnitXMLReporter -->
<testsuite ignored="0" hostname="192.168.10.190" failures="1" tests="5" name="demo" time="0.028" errors="0" timestamp="2025-06-30T22:31:50 IST">
  <testcase classname="testngtutorial.demo1" name="demoData" time="0.003"/>
  <testcase classname="testngtutorial.demo1" name="demoData" time="0.002"/>
  <testcase classname="testngtutorial.demo1" name="demoData" time="0.001"/>
  <testcase classname="testngtutorial.demo1" name="demoFail" time="0.003">
    <failure type="java.lang.AssertionError" message="expected [true] but found [false]">
      <![CDATA[java.lang.AssertionError: expected [true] but found [false]
at testngtutorial.demo1.demoFail(demo1.java:16)
at java.base/java.util.ArrayList.forEach(ArrayList.java:1596)
at java.base/java.util.concurrent.FutureTask.run(FutureTask.java:317)
at java.base/java.util.concurrent.ThreadPoolExecutor.runWorker(ThreadPoolExecutor.java:1144)
at java.base/java.util.concurrent.ThreadPoolExecutor$Worker.run(ThreadPoolExecutor.java:642)
at java.base/java.lang.Thread.run(Thread.java:1583)
... Removed 19 stack frames]]>
    </failure>
  </testcase> <!-- demoFail -->
  <testcase classname="testngtutorial.demo1" name="demoWelcome" time="0.001"/>
</testsuite> <!-- demo -->
