<?xml version="1.0" encoding="UTF-8"?>
<!-- Generated by org.testng.reporters.JUnitXMLReporter -->
<testsuite ignored="4" hostname="192.168.10.190" failures="0" tests="3" name="Regression" time="0.02" errors="0" timestamp="2025-06-29T15:18:31 IST">
  <testcase classname="testngtutorial.demo2" name="webLogin" time="0.003"/>
  <testcase classname="testngtutorial.demo3" name="apiLogin" time="0.0"/>
  <testcase classname="testngtutorial.demo4" name="mobileLogin" time="0.0"/>
  <testcase classname="testngtutorial.demo2" name="webLogout" time="0.0">
    <ignored/>
  </testcase> <!-- webLogout -->
  <testcase classname="testngtutorial.demo1" name="demoWelcome" time="0.0">
    <ignored/>
  </testcase> <!-- demoWelcome -->
  <testcase classname="testngtutorial.demo4" name="mobileLogout" time="0.0">
    <ignored/>
  </testcase> <!-- mobileLogout -->
  <testcase classname="testngtutorial.demo3" name="apiLogout" time="0.0">
    <ignored/>
  </testcase> <!-- apiLogout -->
</testsuite> <!-- Regression -->
