<?xml version="1.0" encoding="UTF-8"?>
<!-- Generated by org.testng.reporters.JUnitXMLReporter -->
<testsuite ignored="1" hostname="192.168.10.190" failures="0" tests="5" name="Web and Mobile" time="0.017" errors="0" timestamp="2025-06-29T23:18:10 IST">
  <testcase classname="testngtutorial.demo2" name="webLogin" time="0.001"/>
  <testcase classname="testngtutorial.demo2" name="webLogout" time="0.001"/>
  <testcase classname="testngtutorial.demo4" name="mobileLogin" time="0.001"/>
  <testcase classname="testngtutorial.demo4" name="mobileLogout" time="0.004"/>
  <testcase classname="testngtutorial.demo4" name="mobileDemo" time="0.0"/>
  <testcase classname="testngtutorial.demo4" name="mobileOTP" time="0.0">
    <ignored/>
  </testcase> <!-- mobileOTP -->
</testsuite> <!-- Web and Mobile -->
