<?xml version="1.0" encoding="UTF-8"?>
<!-- Generated by org.testng.reporters.JUnitXMLReporter -->
<testsuite ignored="0" hostname="192.168.10.190" failures="0" tests="3" name="Web" time="0.018" errors="0" timestamp="2025-06-29T15:30:00 IST">
  <testcase classname="testngtutorial.demo1" name="demoWelcome" time="0.002"/>
  <testcase classname="testngtutorial.demo2" name="webLogin" time="0.001"/>
  <testcase classname="testngtutorial.demo2" name="webLogout" time="0.001"/>
</testsuite> <!-- Web -->
