<?xml version="1.0" encoding="UTF-8"?>
<testng-results ignored="0" total="3" passed="3" failed="0" skipped="0">
  <reporter-output>
  </reporter-output>
  <suite started-at="2025-06-15T14:54:54 IST" name="Default suite" finished-at="2025-06-15T14:54:54 IST" duration-ms="73">
    <groups>
    </groups>
    <test started-at="2025-06-15T14:54:54 IST" name="Default test" finished-at="2025-06-15T14:54:54 IST" duration-ms="73">
      <class name="streams.NamesFilter">
        <test-method signature="regular()[pri:0, instance:streams.NamesFilter@1d9b7cce]" started-at="2025-06-15T14:54:54 IST" name="regular" finished-at="2025-06-15T14:54:54 IST" duration-ms="12" status="PASS">
          <reporter-output>
          </reporter-output>
        </test-method> <!-- regular -->
        <test-method signature="streamFilter()[pri:0, instance:streams.NamesFilter@1d9b7cce]" started-at="2025-06-15T14:54:54 IST" name="streamFilter" finished-at="2025-06-15T14:54:54 IST" duration-ms="4" status="PASS">
          <reporter-output>
          </reporter-output>
        </test-method> <!-- streamFilter -->
        <test-method signature="streamMap()[pri:0, instance:streams.NamesFilter@1d9b7cce]" started-at="2025-06-15T14:54:54 IST" name="streamMap" finished-at="2025-06-15T14:54:54 IST" duration-ms="5" status="PASS">
          <reporter-output>
          </reporter-output>
        </test-method> <!-- streamMap -->
      </class> <!-- streams.NamesFilter -->
    </test> <!-- Default test -->
  </suite> <!-- Default suite -->
</testng-results>
