<?xml version="1.0" encoding="UTF-8"?>
<!-- Generated by org.testng.reporters.JUnitReportReporter -->
<testsuite hostname="192.168.10.190" failures="0" tests="4" name="streams.NamesFilter" time="0.011" errors="0" timestamp="2025-06-18T22:39:09 IST" skipped="0">
  <testcase classname="streams.NamesFilter" name="regular" time="0.005"/>
  <testcase classname="streams.NamesFilter" name="streamCollect" time="0.002"/>
  <testcase classname="streams.NamesFilter" name="streamMap" time="0.002"/>
  <testcase classname="streams.NamesFilter" name="streamFilter" time="0.002"/>
</testsuite> <!-- streams.NamesFilter -->
