<?xml version="1.0" encoding="UTF-8"?>
<!-- Generated by org.testng.reporters.JUnitReportReporter -->
<testsuite hostname="192.168.10.190" failures="0" tests="4" name="testngtutorial.demo4" time="0.005" errors="0" timestamp="2025-06-29T23:18:10 IST" skipped="1">
  <testcase classname="testngtutorial.demo4" name="mobileLogout" time="0.004"/>
  <testcase classname="testngtutorial.demo4" name="mobileLogin" time="0.001"/>
  <testcase classname="testngtutorial.demo4" name="mobileDemo" time="0.000"/>
  <testcase classname="testngtutorial.demo4" name="mobileOTP">
    <skipped/>
  </testcase> <!-- mobileOTP -->
</testsuite> <!-- testngtutorial.demo4 -->
