<?xml version="1.0" encoding="UTF-8"?>
<!-- Generated by org.testng.reporters.JUnitReportReporter -->
<testsuite hostname="192.168.10.190" failures="0" tests="4" name="testngtutorial.demo1" time="0.007" errors="0" timestamp="2025-06-29T23:18:10 IST" skipped="0">
  <testcase classname="testngtutorial.demo1" name="demoData" time="0.001"/>
  <testcase classname="testngtutorial.demo1" name="demoData" time="0.000"/>
  <testcase classname="testngtutorial.demo1" name="demoWelcome" time="0.001"/>
  <testcase classname="testngtutorial.demo1" name="demoData" time="0.005"/>
</testsuite> <!-- testngtutorial.demo1 -->
