<?xml version="1.0" encoding="UTF-8"?>
<!-- Generated by org.testng.reporters.JUnitXMLReporter -->
<testsuite ignored="0" hostname="192.168.10.190" failures="0" tests="4" name="Default test" time="0.036" errors="0" timestamp="2025-06-18T22:39:09 IST">
  <testcase classname="streams.NamesFilter" name="regular" time="0.005"/>
  <testcase classname="streams.NamesFilter" name="streamCollect" time="0.002"/>
  <testcase classname="streams.NamesFilter" name="streamFilter" time="0.002"/>
  <testcase classname="streams.NamesFilter" name="streamMap" time="0.002"/>
</testsuite> <!-- Default test -->
