<?xml version="1.0" encoding="UTF-8"?>
<!-- Generated by org.testng.reporters.JUnitReportReporter -->
<testsuite hostname="qa-243-ubuntu-lt" failures="0" tests="3" name="streams.NamesFilter" time="0.021" errors="0" timestamp="2025-06-15T14:54:55 IST" skipped="0">
  <testcase classname="streams.NamesFilter" name="streamMap" time="0.005"/>
  <testcase classname="streams.NamesFilter" name="streamFilter" time="0.004"/>
  <testcase classname="streams.NamesFilter" name="regular" time="0.012"/>
</testsuite> <!-- streams.NamesFilter -->
